[2020-04-12 00:11:54,116 - roomiestore - DEBUG]: MOUNTED ROUTER
[2020-04-12 00:14:08,663 - roomiestore - DEBUG]: WOOOHOOO
[2020-04-12 00:14:08,664 - roomiestore - DEBUG]: MOUNTED ROUTER
[2020-04-12 00:14:09,306 - roomiestore - DEBUG]: WOOOHOOO
[2020-04-12 00:14:09,306 - roomiestore - DEBUG]: MOUNTED ROUTER
[2020-04-12 00:19:09,459 - roomiestore - DEBUG]: WOOOHOOO
[2020-04-12 00:19:09,459 - roomiestore - DEBUG]: MOUNTED ROUTER
[2020-04-12 00:19:10,102 - roomiestore - DEBUG]: WOOOHOOO
[2020-04-12 00:19:10,103 - roomiestore - DEBUG]: MOUNTED ROUTER
[2020-04-12 00:19:58,652 - roomiestore - DEBUG]: WOOOHOOO
[2020-04-12 00:19:58,652 - roomiestore - DEBUG]: MOUNTED ROUTER
[2020-04-12 00:23:41,521 - roomiestore - DEBUG]: WOOOHOOO
[2020-04-12 00:23:41,521 - roomiestore - DEBUG]: MOUNTED ROUTER
[2020-04-12 00:24:51,445 - roomiestore - DEBUG]: WOOOHOOO
[2020-04-12 00:24:51,445 - roomiestore - DEBUG]: MOUNTED ROUTER
[2020-04-12 00:25:11,500 - roomiestore - DEBUG]: WOOOHOOO
[2020-04-12 00:25:11,500 - roomiestore - DEBUG]: MOUNTED ROUTER
[2020-04-12 00:26:19,455 - roomiestore - DEBUG]: WOOOHOOO
[2020-04-12 00:26:19,456 - roomiestore - DEBUG]: MOUNTED ROUTER
[2020-04-12 00:26:38,925 - roomiestore - DEBUG]: USR ROUTER
[2020-04-12 00:26:38,925 - roomiestore - DEBUG]: WOOOHOOO
[2020-04-12 00:26:38,925 - roomiestore - DEBUG]: MOUNTED ROUTER
[2020-04-12 00:26:39,573 - roomiestore - DEBUG]: USR ROUTER
[2020-04-12 00:26:39,573 - roomiestore - DEBUG]: WOOOHOOO
[2020-04-12 00:26:39,574 - roomiestore - DEBUG]: MOUNTED ROUTER
[2020-04-12 00:30:53,757 - roomiestore - DEBUG]: USR ROUTER
[2020-04-12 00:30:53,757 - roomiestore - DEBUG]: WOOOHOOO
[2020-04-12 00:30:53,758 - roomiestore - DEBUG]: MOUNTED ROUTER
[2020-04-12 00:30:54,419 - roomiestore - DEBUG]: USR ROUTER
[2020-04-12 00:30:54,419 - roomiestore - DEBUG]: WOOOHOOO
[2020-04-12 00:30:54,419 - roomiestore - DEBUG]: MOUNTED ROUTER
[2020-04-12 00:31:17,567 - roomiestore - DEBUG]: WOOOHOOO
[2020-04-12 00:31:17,568 - roomiestore - DEBUG]: MOUNTED ROUTER
[2020-04-12 00:31:49,846 - roomiestore - DEBUG]: WOOOHOOO
[2020-04-12 00:31:49,847 - roomiestore - DEBUG]: MOUNTED ROUTER
[2020-04-12 00:32:28,262 - roomiestore - DEBUG]: WOOOHOOO
[2020-04-12 00:32:28,262 - roomiestore - DEBUG]: MOUNTED ROUTER
[2020-04-12 00:33:38,416 - roomiestore - DEBUG]: WOOOHOOO
[2020-04-12 00:33:38,417 - roomiestore - DEBUG]: MOUNTED ROUTER
[2020-04-12 00:34:54,593 - roomiestore - DEBUG]: WOOOHOOO
[2020-04-12 00:34:54,593 - roomiestore - DEBUG]: MOUNTED ROUTER
[2020-04-12 00:36:18,082 - roomiestore - DEBUG]: WOOOHOOO
[2020-04-12 00:36:18,083 - roomiestore - DEBUG]: MOUNTED ROUTER
[2020-04-12 00:38:14,209 - roomiestore - DEBUG]: WOOOHOOO
[2020-04-12 00:38:14,210 - roomiestore - DEBUG]: MOUNTED ROUTER
[2020-04-12 00:38:16,140 - roomiestore - DEBUG]: get_user_by_id()
[2020-04-12 00:38:26,319 - roomiestore - DEBUG]: WOOOHOOO
[2020-04-12 00:38:26,320 - roomiestore - DEBUG]: MOUNTED ROUTER
[2020-04-12 00:38:30,599 - roomiestore - DEBUG]: WOOOHOOO
[2020-04-12 00:38:30,599 - roomiestore - DEBUG]: MOUNTED ROUTER
[2020-04-12 00:38:31,260 - roomiestore - DEBUG]: WOOOHOOO
[2020-04-12 00:38:31,260 - roomiestore - DEBUG]: MOUNTED ROUTER
[2020-04-12 00:38:33,070 - roomiestore - DEBUG]: get_user_by_id()
[2020-04-12 10:41:17,499 - roomiestore - DEBUG]: WOOOHOOO
[2020-04-12 10:41:17,500 - roomiestore - DEBUG]: MOUNTED ROUTER
[2020-04-12 10:41:17,999 - roomiestore - DEBUG]: WOOOHOOO
[2020-04-12 10:41:17,999 - roomiestore - DEBUG]: MOUNTED ROUTER
[2020-04-12 10:42:13,564 - roomiestore - DEBUG]: get_user_by_id()
[2020-04-12 10:47:13,676 - roomiestore - DEBUG]: WOOOHOOO
[2020-04-12 10:47:13,677 - roomiestore - DEBUG]: MOUNTED ROUTER
[2020-04-12 10:47:14,199 - roomiestore - DEBUG]: WOOOHOOO
[2020-04-12 10:47:14,200 - roomiestore - DEBUG]: MOUNTED ROUTER
[2020-04-12 10:47:17,556 - roomiestore - DEBUG]: get_user_by_id()
[2020-04-12 10:49:17,433 - roomiestore - DEBUG]: WOOOHOOO
[2020-04-12 10:49:17,434 - roomiestore - DEBUG]: MOUNTED ROUTER
[2020-04-13 14:42:30,869 - roomiestore - DEBUG]: MOUNTED ROUTER
[2020-04-13 14:42:31,509 - roomiestore - DEBUG]: MOUNTED ROUTER
[2020-04-13 14:42:45,356 - roomiestore - DEBUG]: get_user_by_id()
[2020-04-13 14:46:07,128 - roomiestore - DEBUG]: MOUNTED ROUTER
[2020-04-13 14:47:17,035 - roomiestore - DEBUG]: MOUNTED ROUTER
[2020-04-13 14:48:37,044 - roomiestore - DEBUG]: MOUNTED ROUTER
[2020-04-13 14:57:04,778 - roomiestore - DEBUG]: MOUNTED ROUTER
[2020-04-13 14:57:05,390 - roomiestore - DEBUG]: MOUNTED ROUTER
[2020-04-13 14:58:32,518 - roomiestore - DEBUG]: MOUNTED ROUTER
[2020-04-13 14:58:33,160 - roomiestore - DEBUG]: MOUNTED ROUTER
[2020-04-13 14:58:36,047 - roomiestore - DEBUG]: get_user_by_id()
[2020-04-13 14:59:06,004 - roomiestore - DEBUG]: MOUNTED ROUTER
[2020-04-13 14:59:06,632 - roomiestore - DEBUG]: MOUNTED ROUTER
[2020-04-13 14:59:22,598 - roomiestore - DEBUG]: MOUNTED ROUTER
[2020-04-13 15:00:09,446 - roomiestore - DEBUG]: MOUNTED ROUTER
[2020-04-13 15:00:10,097 - roomiestore - DEBUG]: MOUNTED ROUTER
[2020-04-13 15:00:12,904 - roomiestore - DEBUG]: 404 Not Found: The requested URL was not found on the server. If you entered the URL manually please check your spelling and try again.
[2020-04-13 15:01:04,677 - roomiestore - DEBUG]: MOUNTED ROUTER
[2020-04-13 15:01:05,303 - roomiestore - DEBUG]: MOUNTED ROUTER
[2020-04-13 15:01:30,072 - roomiestore - DEBUG]: MOUNTED ROUTER
[2020-04-13 15:01:30,712 - roomiestore - DEBUG]: MOUNTED ROUTER
[2020-04-13 15:01:45,632 - roomiestore - DEBUG]: MOUNTED ROUTER
[2020-04-13 15:02:04,636 - roomiestore - DEBUG]: MOUNTED ROUTER
[2020-04-13 15:04:04,421 - roomiestore - DEBUG]: MOUNTED ROUTER
[2020-04-13 15:04:43,813 - roomiestore - DEBUG]: MOUNTED ROUTER
[2020-04-13 15:13:18,713 - roomiestore - DEBUG]: MOUNTED ROUTER
[2020-04-13 15:14:11,655 - roomiestore - DEBUG]: MOUNTED ROUTER
[2020-04-13 15:14:12,272 - roomiestore - DEBUG]: MOUNTED ROUTER
[2020-04-13 15:14:32,298 - roomiestore - DEBUG]: MOUNTED ROUTER
[2020-04-13 15:47:18,767 - roomiestore - DEBUG]: MOUNTED ROUTER
[2020-04-13 15:47:46,908 - roomiestore - DEBUG]: MOUNTED ROUTER
[2020-04-13 15:48:21,252 - roomiestore - DEBUG]: MOUNTED ROUTER
[2020-04-13 15:48:34,141 - roomiestore - DEBUG]: MOUNTED ROUTER
[2020-04-13 17:00:42,994 - roomiestore - DEBUG]: MOUNTED ROUTER
[2020-04-13 17:00:58,987 - roomiestore - DEBUG]: MOUNTED ROUTER
[2020-04-13 17:03:30,457 - roomiestore - DEBUG]: MOUNTED ROUTER
[2020-04-13 17:04:34,252 - roomiestore - DEBUG]: MOUNTED ROUTER
[2020-04-13 17:04:34,873 - roomiestore - DEBUG]: MOUNTED ROUTER
[2020-04-13 17:06:03,623 - roomiestore - DEBUG]: MOUNTED ROUTER
[2020-04-13 17:06:03,831 - roomiestore - DEBUG]: MOUNTED ROUTER
